<?xml version="1.0" encoding="UTF-8"?>
<testng-results ignored="0" total="1" passed="0" failed="1" skipped="0">
  <reporter-output>
  </reporter-output>
  <suite started-at="2025-04-10T08:49:50 IST" name="Suit" finished-at="2025-04-10T08:50:00 IST" duration-ms="10261">
    <groups>
      <group name="smokesuit">
        <method signature="AddProductToCartTest.tc_001_AddProductToCartTest()[pri:0, instance:inventoryTest.AddProductToCartTest@51399530]" name="tc_001_AddProductToCartTest" class="inventoryTest.AddProductToCartTest"/>
      </group> <!-- smokesuit -->
    </groups>
    <test started-at="2025-04-10T08:49:50 IST" name="Test" finished-at="2025-04-10T08:50:00 IST" duration-ms="10261">
      <class name="inventoryTest.AddProductToCartTest">
        <test-method is-config="true" signature="dBConnection()[pri:0, instance:inventoryTest.AddProductToCartTest@51399530]" started-at="2025-04-10T08:49:50 IST" name="dBConnection" finished-at="2025-04-10T08:49:50 IST" duration-ms="7" status="PASS">
          <reporter-output>
          </reporter-output>
        </test-method> <!-- dBConnection -->
        <test-method is-config="true" signature="launchbrowser()[pri:0, instance:inventoryTest.AddProductToCartTest@51399530]" started-at="2025-04-10T08:49:50 IST" name="launchbrowser" finished-at="2025-04-10T08:49:55 IST" duration-ms="5117" status="PASS">
          <reporter-output>
          </reporter-output>
        </test-method> <!-- launchbrowser -->
        <test-method is-config="true" signature="LoginApp()[pri:0, instance:inventoryTest.AddProductToCartTest@51399530]" started-at="2025-04-10T08:49:55 IST" name="LoginApp" finished-at="2025-04-10T08:49:55 IST" duration-ms="392" status="PASS">
          <reporter-output>
          </reporter-output>
        </test-method> <!-- LoginApp -->
        <test-method signature="tc_001_AddProductToCartTest()[pri:0, instance:inventoryTest.AddProductToCartTest@51399530]" started-at="2025-04-10T08:49:55 IST" name="tc_001_AddProductToCartTest" finished-at="2025-04-10T08:49:59 IST" duration-ms="3447" status="FAIL">
          <exception class="java.lang.AssertionError">
            <message>
              <![CDATA[null]]>
            </message>
            <full-stacktrace>
              <![CDATA[java.lang.AssertionError: null
at org.testng.Assert.fail(Assert.java:99)
at org.testng.Assert.fail(Assert.java:106)
at inventoryTest.AddProductToCartTest.tc_001_AddProductToCartTest(AddProductToCartTest.java:82)
at java.base/jdk.internal.reflect.DirectMethodHandleAccessor.invoke(DirectMethodHandleAccessor.java:103)
at java.base/java.lang.reflect.Method.invoke(Method.java:580)
at org.testng.internal.MethodInvocationHelper.invokeMethod(MethodInvocationHelper.java:133)
at org.testng.internal.TestInvoker.invokeMethod(TestInvoker.java:598)
at org.testng.internal.TestInvoker.invokeTestMethod(TestInvoker.java:173)
at org.testng.internal.MethodRunner.runInSequence(MethodRunner.java:46)
at org.testng.internal.TestInvoker$MethodInvocationAgent.invoke(TestInvoker.java:824)
at org.testng.internal.TestInvoker.invokeTestMethods(TestInvoker.java:146)
at org.testng.internal.TestMethodWorker.invokeTestMethods(TestMethodWorker.java:146)
at org.testng.internal.TestMethodWorker.run(TestMethodWorker.java:128)
at java.base/java.util.ArrayList.forEach(ArrayList.java:1597)
at org.testng.TestRunner.privateRun(TestRunner.java:794)
at org.testng.TestRunner.run(TestRunner.java:596)
at org.testng.SuiteRunner.runTest(SuiteRunner.java:377)
at org.testng.SuiteRunner.runSequentially(SuiteRunner.java:371)
at org.testng.SuiteRunner.privateRun(SuiteRunner.java:332)
at org.testng.SuiteRunner.run(SuiteRunner.java:276)
at org.testng.SuiteRunnerWorker.runSuite(SuiteRunnerWorker.java:53)
at org.testng.SuiteRunnerWorker.run(SuiteRunnerWorker.java:96)
at org.testng.TestNG.runSuitesSequentially(TestNG.java:1212)
at org.testng.TestNG.runSuitesLocally(TestNG.java:1134)
at org.testng.TestNG.runSuites(TestNG.java:1063)
at org.testng.TestNG.run(TestNG.java:1031)
at org.testng.remote.AbstractRemoteTestNG.run(AbstractRemoteTestNG.java:115)
at org.testng.remote.RemoteTestNG.initAndRun(RemoteTestNG.java:293)
at org.testng.remote.RemoteTestNG.main(RemoteTestNG.java:91)
]]>
            </full-stacktrace>
          </exception> <!-- java.lang.AssertionError -->
          <reporter-output>
          </reporter-output>
        </test-method> <!-- tc_001_AddProductToCartTest -->
        <test-method is-config="true" signature="LogoutApp()[pri:0, instance:inventoryTest.AddProductToCartTest@51399530]" started-at="2025-04-10T08:49:59 IST" name="LogoutApp" finished-at="2025-04-10T08:49:59 IST" duration-ms="450" status="PASS">
          <reporter-output>
          </reporter-output>
        </test-method> <!-- LogoutApp -->
        <test-method is-config="true" signature="closeBrowser()[pri:0, instance:inventoryTest.AddProductToCartTest@51399530]" started-at="2025-04-10T08:49:59 IST" name="closeBrowser" finished-at="2025-04-10T08:50:00 IST" duration-ms="739" status="PASS">
          <reporter-output>
          </reporter-output>
        </test-method> <!-- closeBrowser -->
        <test-method is-config="true" signature="dBConnectionclose()[pri:0, instance:inventoryTest.AddProductToCartTest@51399530]" started-at="2025-04-10T08:50:00 IST" name="dBConnectionclose" finished-at="2025-04-10T08:50:00 IST" duration-ms="0" status="PASS">
          <reporter-output>
          </reporter-output>
        </test-method> <!-- dBConnectionclose -->
      </class> <!-- inventoryTest.AddProductToCartTest -->
    </test> <!-- Test -->
  </suite> <!-- Suit -->
</testng-results>
